{"level":"\u001b[31merror\u001b[39m"}
{"level":"\u001b[31merror\u001b[39m"}
{"level":"\u001b[31merror\u001b[39m"}
{"level":"\u001b[31merror\u001b[39m"}
{"level":"\u001b[31merror\u001b[39m"}
{"level":"\u001b[31merror\u001b[39m"}
{"level":"\u001b[31merror\u001b[39m"}
{"level":"\u001b[31merror\u001b[39m"}
{"level":"\u001b[31merror\u001b[39m"}
{"level":"\u001b[31merror\u001b[39m"}
{"level":"\u001b[31merror\u001b[39m"}
{"level":"\u001b[31merror\u001b[39m"}
{"level":"\u001b[31merror\u001b[39m","message":"Ruta GET / no implementada"}
{"level":"\u001b[31merror\u001b[39m","message":"Ruta GET / no implementada"}
{"code":21211,"level":"\u001b[31merror\u001b[39m","moreInfo":"https://www.twilio.com/docs/errors/21211","status":400}
{"level":"\u001b[31merror\u001b[39m","message":"Ruta GET / no implementada"}
{"level":"\u001b[31merror\u001b[39m","message":"Ruta GET / no implementada"}
{"level":"\u001b[31merror\u001b[39m","message":"Ruta GET / no implementada"}
{"level":"\u001b[31merror\u001b[39m","message":"Ruta GET / no implementada"}
{"level":"\u001b[31merror\u001b[39m","message":"Ruta GET / no implementada"}
{"code":21608,"level":"\u001b[31merror\u001b[39m","moreInfo":"https://www.twilio.com/docs/errors/21608","status":400}
{"code":21608,"level":"\u001b[31merror\u001b[39m","moreInfo":"https://www.twilio.com/docs/errors/21608","status":400}
{"code":21608,"level":"\u001b[31merror\u001b[39m","moreInfo":"https://www.twilio.com/docs/errors/21608","status":400}
{"code":21608,"level":"\u001b[31merror\u001b[39m","moreInfo":"https://www.twilio.com/docs/errors/21608","status":400}
{"level":"\u001b[31merror\u001b[39m","message":"Ruta GET / no implementada"}
{"level":"\u001b[31merror\u001b[39m","message":"Ruta GET / no implementada"}
{"level":"\u001b[31merror\u001b[39m","message":"Ruta GET / no implementada"}
{"level":"\u001b[31merror\u001b[39m","message":"Ruta GET / no implementada"}
{"level":"\u001b[31merror\u001b[39m","message":"Ruta GET / no implementada"}
{"level":"\u001b[31merror\u001b[39m","message":"Ruta GET / no implementada"}
{"level":"\u001b[31merror\u001b[39m","message":"Ruta GET / no implementada"}
{"level":"\u001b[31merror\u001b[39m","message":"Ruta GET / no implementada"}
{"level":"\u001b[31merror\u001b[39m","message":"Ruta GET / no implementada"}
{"level":"\u001b[31merror\u001b[39m","message":"Ruta GET / no implementada"}
{"level":"\u001b[31merror\u001b[39m","message":"Ruta GET / no implementada"}
{"level":"\u001b[31merror\u001b[39m","message":"Ruta GET / no implementada"}
{"level":"\u001b[31merror\u001b[39m","message":"Ruta GET / no implementada"}
{"level":"\u001b[31merror\u001b[39m","message":"Ruta GET / no implementada"}
{"level":"\u001b[31merror\u001b[39m","message":"Ruta GET / no implementada"}
{"level":"\u001b[31merror\u001b[39m","message":"Ruta GET / no implementada"}
{"level":"\u001b[31merror\u001b[39m","message":"Ruta GET / no implementada"}
{"level":"\u001b[31merror\u001b[39m","message":"Ruta GET / no implementada"}
{"level":"\u001b[31merror\u001b[39m","message":"Ruta GET / no implementada"}
{"level":"\u001b[31merror\u001b[39m","message":"Ruta GET / no implementada"}
{"level":"\u001b[31merror\u001b[39m"}
{"level":"\u001b[31merror\u001b[39m","message":"Ruta GET / no implementada"}
{"level":"\u001b[31merror\u001b[39m"}
{"level":"\u001b[31merror\u001b[39m","message":"Ruta GET / no implementada"}
{"level":"\u001b[31merror\u001b[39m"}
{"level":"\u001b[31merror\u001b[39m","message":"Ruta GET / no implementada"}
{"level":"\u001b[31merror\u001b[39m"}
{"level":"\u001b[31merror\u001b[39m","message":"Ruta GET / no implementada"}
{"level":"\u001b[31merror\u001b[39m"}
{"level":"\u001b[31merror\u001b[39m","message":"Ruta GET / no implementada"}
{"level":"\u001b[31merror\u001b[39m"}
{"level":"\u001b[31merror\u001b[39m","message":"Ruta GET / no implementada"}
{"level":"\u001b[31merror\u001b[39m"}
{"level":"\u001b[31merror\u001b[39m","message":"Ruta GET / no implementada"}
{"level":"\u001b[31merror\u001b[39m","message":"Ruta GET / no implementada"}
{"level":"\u001b[31merror\u001b[39m","message":"Ruta GET / no implementada"}
{"level":"\u001b[31merror\u001b[39m","message":"Error en el signup"}
{"level":"\u001b[31merror\u001b[39m","message":"Error en el signup"}
{"level":"\u001b[31merror\u001b[39m","message":"Error en el signup"}
{"level":"\u001b[31merror\u001b[39m","message":"Error en el signup"}
{"level":"\u001b[31merror\u001b[39m","message":"Error en el signup"}
{"level":"\u001b[31merror\u001b[39m","message":"Error en el signup"}
{"level":"\u001b[31merror\u001b[39m","message":"Error en el signup"}
{"level":"\u001b[31merror\u001b[39m","message":"Error en el signup"}
{"level":"\u001b[31merror\u001b[39m","message":"Error en el signup"}
{"level":"\u001b[31merror\u001b[39m","message":"Error en el signup"}
{"level":"\u001b[31merror\u001b[39m","message":"Error en el signup"}
{"level":"\u001b[31merror\u001b[39m","message":"Ruta GET / no implementada"}
{"level":"\u001b[31merror\u001b[39m","message":"Ruta GET / no implementada"}
{"level":"\u001b[31merror\u001b[39m","message":"Ruta GET / no implementada"}
{"level":"\u001b[31merror\u001b[39m","message":"Ruta GET / no implementada"}
{"level":"\u001b[31merror\u001b[39m","message":"Ruta GET / no implementada"}
{"level":"\u001b[31merror\u001b[39m","message":"Ruta GET / no implementada"}
{"level":"\u001b[31merror\u001b[39m"}
{"level":"\u001b[31merror\u001b[39m"}
{"level":"\u001b[31merror\u001b[39m"}
{"level":"\u001b[31merror\u001b[39m","message":"CarritosDB.findByID is not a function"}
{"level":"\u001b[31merror\u001b[39m","message":"CarritosDB.findByID is not a function"}
{"level":"\u001b[31merror\u001b[39m","message":"Cannot read properties of undefined (reading 'findByIdAndUpdate')"}
{"level":"\u001b[31merror\u001b[39m"}
{"level":"\u001b[31merror\u001b[39m","message":"Ruta GET / no implementada"}
{"level":"\u001b[31merror\u001b[39m"}
{"level":"\u001b[31merror\u001b[39m"}
{"level":"\u001b[31merror\u001b[39m"}
{"level":"\u001b[31merror\u001b[39m"}
{"level":"\u001b[31merror\u001b[39m"}
{"level":"\u001b[31merror\u001b[39m"}
{"level":"\u001b[31merror\u001b[39m"}
{"level":"\u001b[31merror\u001b[39m"}
{"level":"\u001b[31merror\u001b[39m"}
{"level":"\u001b[31merror\u001b[39m"}
{"level":"\u001b[31merror\u001b[39m"}
{"level":"\u001b[31merror\u001b[39m"}
{"level":"\u001b[31merror\u001b[39m"}
{"level":"\u001b[31merror\u001b[39m"}
{"level":"\u001b[31merror\u001b[39m"}
{"level":"\u001b[31merror\u001b[39m"}
{"level":"\u001b[31merror\u001b[39m"}
{"level":"\u001b[31merror\u001b[39m"}
{"level":"\u001b[31merror\u001b[39m"}
{"level":"\u001b[31merror\u001b[39m"}
{"level":"\u001b[31merror\u001b[39m"}
{"level":"\u001b[31merror\u001b[39m"}
{"level":"\u001b[31merror\u001b[39m"}
{"level":"\u001b[31merror\u001b[39m"}
{"level":"\u001b[31merror\u001b[39m"}
{"level":"\u001b[31merror\u001b[39m"}
{"level":"\u001b[31merror\u001b[39m"}
{"level":"\u001b[31merror\u001b[39m"}
